<?xml version="1.0" encoding="UTF-8"?>
<!-- Generated by org.testng.reporters.JUnitReportReporter -->
<testsuite skipped="0" hostname="Bee" name="testCases.ChatTests" tests="4" failures="0" timestamp="12 Sep 2017 01:05:03 GMT" time="21.799" errors="0">
  <testcase name="verifyThatChatScreenIsOpened" time="3.465" classname="testCases.ChatTests"/>
  <testcase name="verifyThatDialogWithUserIsOpened" time="4.893" classname="testCases.ChatTests"/>
  <testcase name="verifyThatTextMessageIsSent" time="10.326" classname="testCases.ChatTests"/>
  <testcase name="verifyThatDialogIsClosed" time="3.115" classname="testCases.ChatTests"/>
</testsuite> <!-- testCases.ChatTests -->
