<?xml version="1.0" encoding="UTF-8"?>
<!-- Generated by org.testng.reporters.JUnitReportReporter -->
<testsuite skipped="2" hostname="Bee" name="testCases.Login" tests="5" failures="0" timestamp="07 Sep 2017 18:44:05 GMT" time="46.700" errors="0">
  <testcase name="verifyRejectLoginByEmailIsPerformed" time="2.737" classname="testCases.Login"/>
  <testcase name="verifyThatSystemRejectsWrongCredentials" time="20.411" classname="testCases.Login"/>
  <testcase name="verifyLoginByEmailIsPerformed" time="23.552" classname="testCases.Login"/>
  <testcase name="verifyLoginByVKontakteIsPerformed" classname="testCases.Login">
    <skipped/>
  </testcase> <!-- verifyLoginByVKontakteIsPerformed -->
  <testcase name="verifyLoginByFacebookIsPerformed" classname="testCases.Login">
    <skipped/>
  </testcase> <!-- verifyLoginByFacebookIsPerformed -->
</testsuite> <!-- testCases.Login -->
