<?xml version="1.0" encoding="UTF-8"?>
<!-- Generated by org.testng.reporters.JUnitReportReporter -->
<testsuite skipped="0" hostname="Bee" name="testCases.Login2" tests="3" failures="0" timestamp="07 Aug 2017 10:17:11 GMT" time="30.203" errors="0">
  <testcase name="Testing" time="0.006" classname="testCases.Login2"/>
  <testcase name="VerifyRejectLoginByEmailIsPerformed" time="2.657" classname="testCases.Login2"/>
  <testcase name="verifyLoginByEmailIsPerformed" time="27.540" classname="testCases.Login2"/>
</testsuite> <!-- testCases.Login2 -->
