<?xml version="1.0" encoding="UTF-8"?>
<!-- Generated by org.testng.reporters.JUnitReportReporter -->
<testsuite skipped="1" hostname="Bee" name="testCases.VerifyLoginIntoDrive2" tests="2" failures="0" timestamp="13 Jul 2017 23:19:56 GMT" time="35.422" errors="0">
  <testcase name="VerifyLoginByVKontakteIsPerformed" time="35.422" classname="testCases.VerifyLoginIntoDrive2"/>
  <testcase name="VerifyRejectLoginByVKontakteIsPerformed" classname="testCases.VerifyLoginIntoDrive2">
    <skipped/>
  </testcase> <!-- VerifyRejectLoginByVKontakteIsPerformed -->
</testsuite> <!-- testCases.VerifyLoginIntoDrive2 -->
