<?xml version="1.0" encoding="UTF-8"?>
<!-- Generated by org.testng.reporters.JUnitReportReporter -->
<testsuite skipped="1" hostname="Bee" name="testCases.NewsFeedTests" tests="2" failures="0" timestamp="22 Sep 2017 18:33:03 GMT" time="4.973" errors="0">
  <testcase name="verifyThatNewsFeedIsOpened" time="4.973" classname="testCases.NewsFeedTests"/>
  <testcase name="verifyThatPostIsOpened" classname="testCases.NewsFeedTests">
    <skipped/>
  </testcase> <!-- verifyThatPostIsOpened -->
</testsuite> <!-- testCases.NewsFeedTests -->
