<?xml version="1.0" encoding="UTF-8"?>
<!-- Generated by org.testng.reporters.JUnitReportReporter -->
<testsuite skipped="0" hostname="Bee" name="testCases.Chat" tests="3" failures="0" timestamp="07 Sep 2017 18:44:05 GMT" time="15.669" errors="0">
  <testcase name="verifyThatChatScreenIsOpened" time="1.742" classname="testCases.Chat"/>
  <testcase name="verifyThatDialogWithUserIsOpened" time="4.565" classname="testCases.Chat"/>
  <testcase name="verifyThatTextMessageIsSent" time="9.362" classname="testCases.Chat"/>
</testsuite> <!-- testCases.Chat -->
