<?xml version="1.0" encoding="UTF-8"?>
<!-- Generated by org.testng.reporters.JUnitReportReporter -->
<testsuite skipped="0" hostname="Bee" name="testCases.NotificationsTests" tests="1" failures="0" timestamp="21 Sep 2017 22:50:01 GMT" time="5.707" errors="0">
  <testcase name="verifyThatNotificationsIsOpened" time="5.707" classname="testCases.NotificationsTests"/>
</testsuite> <!-- testCases.NotificationsTests -->
